INFO:root:Market ID: NASDAQ100W-23MAY19
INFO:botocore.credentials:Found credentials in shared credentials file: ~/.aws/credentials
INFO:root:GET: 
INFO:root:Host: https://trading-api.kalshi.com/trade-api/v2
INFO:root:Path: /events/NASDAQ100W-23MAY19
INFO:root:headers: {'Content-Type': 'application/json', 'Authorization': '3a3f8486-45d7-48f9-8784-a9fa11ec2215 3a3f8486-45d7-48f9-8784-a9fa11ec2215:uR1PyhDCeRqOwXxXQEy4JuFcUmex4BVoqcEPlw2bHtnL8OAmYJtfT8egBGUlZF2c'}
INFO:root:[{'ticker': 'NASDAQ100W-23MAY19-T12700', 'event_ticker': '', 'title': '', 'subtitle': '12,699.99 or below', 'open_time': '2023-05-12T20:00:00Z', 'close_time': '2023-05-19T20:00:00Z', 'expiration_time': '2023-05-26T23:00:00Z', 'status': 'active', 'yes_bid': 0, 'yes_ask': 12, 'no_bid': 0, 'no_ask': 0, 'last_price': 2, 'previous_yes_bid': 3, 'previous_yes_ask': 12, 'previous_price': 0, 'volume': 15, 'volume_24h': 15, 'liquidity': 370, 'open_interest': 15, 'result': '', 'can_close_early': True, 'expiration_value': '', 'category': '', 'risk_limit_cents': 0, 'strike_type': 'less', 'cap_strike': 12700}, {'ticker': 'NASDAQ100W-23MAY19-B12750', 'event_ticker': '', 'title': '', 'subtitle': '12,700 to 12,799.99', 'open_time': '2023-05-12T20:00:00Z', 'close_time': '2023-05-19T20:00:00Z', 'expiration_time': '2023-05-26T23:00:00Z', 'status': 'active', 'yes_bid': 0, 'yes_ask': 8, 'no_bid': 0, 'no_ask': 0, 'last_price': 0, 'previous_yes_bid': 2, 'previous_yes_ask': 11, 'previous_price': 0, 'volume': 0, 'volume_24h': 0, 'liquidity': 140, 'open_interest': 0, 'result': '', 'can_close_early': True, 'expiration_value': '', 'category': '', 'risk_limit_cents': 0, 'strike_type': 'between', 'floor_strike': 12700, 'cap_strike': 12799.99}, {'ticker': 'NASDAQ100W-23MAY19-B12850', 'event_ticker': '', 'title': '', 'subtitle': '12,800 to 12,899.99', 'open_time': '2023-05-12T20:00:00Z', 'close_time': '2023-05-19T20:00:00Z', 'expiration_time': '2023-05-26T23:00:00Z', 'status': 'active', 'yes_bid': 2, 'yes_ask': 9, 'no_bid': 0, 'no_ask': 0, 'last_price': 9, 'previous_yes_bid': 0, 'previous_yes_ask': 9, 'previous_price': 9, 'volume': 1, 'volume_24h': 1, 'liquidity': 1332, 'open_interest': 1, 'result': '', 'can_close_early': True, 'expiration_value': '', 'category': '', 'risk_limit_cents': 0, 'strike_type': 'between', 'floor_strike': 12800, 'cap_strike': 12899.99}, {'ticker': 'NASDAQ100W-23MAY19-B12950', 'event_ticker': '', 'title': '', 'subtitle': '12,900 to 12,999.99', 'open_time': '2023-05-12T20:00:00Z', 'close_time': '2023-05-19T20:00:00Z', 'expiration_time': '2023-05-26T23:00:00Z', 'status': 'active', 'yes_bid': 2, 'yes_ask': 9, 'no_bid': 0, 'no_ask': 0, 'last_price': 0, 'previous_yes_bid': 0, 'previous_yes_ask': 9, 'previous_price': 0, 'volume': 0, 'volume_24h': 0, 'liquidity': 1135, 'open_interest': 0, 'result': '', 'can_close_early': True, 'expiration_value': '', 'category': '', 'risk_limit_cents': 0, 'strike_type': 'between', 'floor_strike': 12900, 'cap_strike': 12999.99}, {'ticker': 'NASDAQ100W-23MAY19-B13050', 'event_ticker': '', 'title': '', 'subtitle': '13,000 to 13,099.99', 'open_time': '2023-05-12T20:00:00Z', 'close_time': '2023-05-19T20:00:00Z', 'expiration_time': '2023-05-26T23:00:00Z', 'status': 'active', 'yes_bid': 3, 'yes_ask': 11, 'no_bid': 0, 'no_ask': 0, 'last_price': 0, 'previous_yes_bid': 4, 'previous_yes_ask': 13, 'previous_price': 0, 'volume': 0, 'volume_24h': 0, 'liquidity': 1155, 'open_interest': 0, 'result': '', 'can_close_early': True, 'expiration_value': '', 'category': '', 'risk_limit_cents': 0, 'strike_type': 'between', 'floor_strike': 13000, 'cap_strike': 13099.99}, {'ticker': 'NASDAQ100W-23MAY19-B13150', 'event_ticker': '', 'title': '', 'subtitle': '13,100 to 13,199.99', 'open_time': '2023-05-12T20:00:00Z', 'close_time': '2023-05-19T20:00:00Z', 'expiration_time': '2023-05-26T23:00:00Z', 'status': 'active', 'yes_bid': 5, 'yes_ask': 11, 'no_bid': 0, 'no_ask': 0, 'last_price': 0, 'previous_yes_bid': 2, 'previous_yes_ask': 11, 'previous_price': 0, 'volume': 0, 'volume_24h': 0, 'liquidity': 2180, 'open_interest': 0, 'result': '', 'can_close_early': True, 'expiration_value': '', 'category': '', 'risk_limit_cents': 0, 'strike_type': 'between', 'floor_strike': 13100, 'cap_strike': 13199.99}, {'ticker': 'NASDAQ100W-23MAY19-B13250', 'event_ticker': '', 'title': '', 'subtitle': '13,200 to 13,299.99', 'open_time': '2023-05-12T20:00:00Z', 'close_time': '2023-05-19T20:00:00Z', 'expiration_time': '2023-05-26T23:00:00Z', 'status': 'active', 'yes_bid': 4, 'yes_ask': 12, 'no_bid': 0, 'no_ask': 0, 'last_price': 8, 'previous_yes_bid': 7, 'previous_yes_ask': 17, 'previous_price': 8, 'volume': 13, 'volume_24h': 8, 'liquidity': 6345, 'open_interest': 13, 'result': '', 'can_close_early': True, 'expiration_value': '', 'category': '', 'risk_limit_cents': 0, 'strike_type': 'between', 'floor_strike': 13200, 'cap_strike': 13299.99}, {'ticker': 'NASDAQ100W-23MAY19-B13350', 'event_ticker': '', 'title': '', 'subtitle': '13,300 to 13,399.99', 'open_time': '2023-05-12T20:00:00Z', 'close_time': '2023-05-19T20:00:00Z', 'expiration_time': '2023-05-26T23:00:00Z', 'status': 'active', 'yes_bid': 6, 'yes_ask': 14, 'no_bid': 0, 'no_ask': 0, 'last_price': 12, 'previous_yes_bid': 3, 'previous_yes_ask': 12, 'previous_price': 0, 'volume': 10, 'volume_24h': 10, 'liquidity': 33240, 'open_interest': 10, 'result': '', 'can_close_early': True, 'expiration_value': '', 'category': '', 'risk_limit_cents': 0, 'strike_type': 'between', 'floor_strike': 13300, 'cap_strike': 13399.99}, {'ticker': 'NASDAQ100W-23MAY19-B13450', 'event_ticker': '', 'title': '', 'subtitle': '13,400 to 13,499.99', 'open_time': '2023-05-12T20:00:00Z', 'close_time': '2023-05-19T20:00:00Z', 'expiration_time': '2023-05-26T23:00:00Z', 'status': 'active', 'yes_bid': 5, 'yes_ask': 13, 'no_bid': 0, 'no_ask': 0, 'last_price': 0, 'previous_yes_bid': 4, 'previous_yes_ask': 13, 'previous_price': 0, 'volume': 0, 'volume_24h': 0, 'liquidity': 1165, 'open_interest': 0, 'result': '', 'can_close_early': True, 'expiration_value': '', 'category': '', 'risk_limit_cents': 0, 'strike_type': 'between', 'floor_strike': 13400, 'cap_strike': 13499.99}, {'ticker': 'NASDAQ100W-23MAY19-B13550', 'event_ticker': '', 'title': '', 'subtitle': '13,500 to 13,599.99', 'open_time': '2023-05-12T20:00:00Z', 'close_time': '2023-05-19T20:00:00Z', 'expiration_time': '2023-05-26T23:00:00Z', 'status': 'active', 'yes_bid': 1, 'yes_ask': 9, 'no_bid': 0, 'no_ask': 0, 'last_price': 8, 'previous_yes_bid': 0, 'previous_yes_ask': 8, 'previous_price': 0, 'volume': 5, 'volume_24h': 5, 'liquidity': 1140, 'open_interest': 5, 'result': '', 'can_close_early': True, 'expiration_value': '', 'category': '', 'risk_limit_cents': 0, 'strike_type': 'between', 'floor_strike': 13500, 'cap_strike': 13599.99}, {'ticker': 'NASDAQ100W-23MAY19-B13650', 'event_ticker': '', 'title': '', 'subtitle': '13,600 to 13,699.99', 'open_time': '2023-05-12T20:00:00Z', 'close_time': '2023-05-19T20:00:00Z', 'expiration_time': '2023-05-26T23:00:00Z', 'status': 'active', 'yes_bid': 2, 'yes_ask': 10, 'no_bid': 0, 'no_ask': 0, 'last_price': 0, 'previous_yes_bid': 1, 'previous_yes_ask': 10, 'previous_price': 0, 'volume': 0, 'volume_24h': 0, 'liquidity': 1090, 'open_interest': 0, 'result': '', 'can_close_early': True, 'expiration_value': '', 'category': '', 'risk_limit_cents': 0, 'strike_type': 'between', 'floor_strike': 13600, 'cap_strike': 13699.99}, {'ticker': 'NASDAQ100W-23MAY19-B13750', 'event_ticker': '', 'title': '', 'subtitle': '13,700 to 13,799.99', 'open_time': '2023-05-12T20:00:00Z', 'close_time': '2023-05-19T20:00:00Z', 'expiration_time': '2023-05-26T23:00:00Z', 'status': 'active', 'yes_bid': 1, 'yes_ask': 8, 'no_bid': 0, 'no_ask': 0, 'last_price': 0, 'previous_yes_bid': 3, 'previous_yes_ask': 12, 'previous_price': 0, 'volume': 0, 'volume_24h': 0, 'liquidity': 630, 'open_interest': 0, 'result': '', 'can_close_early': True, 'expiration_value': '', 'category': '', 'risk_limit_cents': 0, 'strike_type': 'between', 'floor_strike': 13700, 'cap_strike': 13799.99}, {'ticker': 'NASDAQ100W-23MAY19-B13850', 'event_ticker': '', 'title': '', 'subtitle': '13,800 to 13,899.99', 'open_time': '2023-05-12T20:00:00Z', 'close_time': '2023-05-19T20:00:00Z', 'expiration_time': '2023-05-26T23:00:00Z', 'status': 'active', 'yes_bid': 1, 'yes_ask': 9, 'no_bid': 0, 'no_ask': 0, 'last_price': 0, 'previous_yes_bid': 2, 'previous_yes_ask': 11, 'previous_price': 0, 'volume': 0, 'volume_24h': 0, 'liquidity': 645, 'open_interest': 0, 'result': '', 'can_close_early': True, 'expiration_value': '', 'category': '', 'risk_limit_cents': 0, 'strike_type': 'between', 'floor_strike': 13800, 'cap_strike': 13899.99}, {'ticker': 'NASDAQ100W-23MAY19-B13950', 'event_ticker': '', 'title': '', 'subtitle': '13,900 to 13,999.99', 'open_time': '2023-05-12T20:00:00Z', 'close_time': '2023-05-19T20:00:00Z', 'expiration_time': '2023-05-26T23:00:00Z', 'status': 'active', 'yes_bid': 0, 'yes_ask': 4, 'no_bid': 0, 'no_ask': 0, 'last_price': 0, 'previous_yes_bid': 0, 'previous_yes_ask': 0, 'previous_price': 0, 'volume': 0, 'volume_24h': 0, 'liquidity': 107, 'open_interest': 0, 'result': '', 'can_close_early': True, 'expiration_value': '', 'category': '', 'risk_limit_cents': 0, 'strike_type': 'between', 'floor_strike': 13900, 'cap_strike': 13999.99}, {'ticker': 'NASDAQ100W-23MAY19-T13999.99', 'event_ticker': '', 'title': '', 'subtitle': '14,000 or above', 'open_time': '2023-05-12T20:00:00Z', 'close_time': '2023-05-19T20:00:00Z', 'expiration_time': '2023-05-26T23:00:00Z', 'status': 'active', 'yes_bid': 1, 'yes_ask': 5, 'no_bid': 0, 'no_ask': 0, 'last_price': 5, 'previous_yes_bid': 5, 'previous_yes_ask': 14, 'previous_price': 0, 'volume': 10, 'volume_24h': 10, 'liquidity': 535, 'open_interest': 10, 'result': '', 'can_close_early': True, 'expiration_value': '', 'category': '', 'risk_limit_cents': 0, 'strike_type': 'greater', 'floor_strike': 13999.99}]
INFO:root:************* New analysis marker *************
INFO:root:Movement range: (0, 0.9520114433462125)
INFO:root:Times occurred: 5
INFO:root:Total weeks: 175
INFO:root:----------Yes Analysis for {'ticker': 'NASDAQ100W-23MAY19-T12700', 'event_ticker': '', 'title': '', 'subtitle': '12,699.99 or below', 'open_time': '2023-05-12T20:00:00Z', 'close_time': '2023-05-19T20:00:00Z', 'expiration_time': '2023-05-26T23:00:00Z', 'status': 'active', 'yes_bid': 0, 'yes_ask': 12, 'no_bid': 0, 'no_ask': 0, 'last_price': 2, 'previous_yes_bid': 3, 'previous_yes_ask': 12, 'previous_price': 0, 'volume': 15, 'volume_24h': 15, 'liquidity': 370, 'open_interest': 15, 'result': '', 'can_close_early': True, 'expiration_value': '', 'category': '', 'risk_limit_cents': 0, 'strike_type': 'less', 'cap_strike': 12700}----------
INFO:root:Yes price: 12
INFO:root:Likelihood 2.857142857142857
INFO:root:Ratio: 4.2
INFO:root:Overpriced
INFO:root:----------No Analysis for {'ticker': 'NASDAQ100W-23MAY19-T12700', 'event_ticker': '', 'title': '', 'subtitle': '12,699.99 or below', 'open_time': '2023-05-12T20:00:00Z', 'close_time': '2023-05-19T20:00:00Z', 'expiration_time': '2023-05-26T23:00:00Z', 'status': 'active', 'yes_bid': 0, 'yes_ask': 12, 'no_bid': 0, 'no_ask': 0, 'last_price': 2, 'previous_yes_bid': 3, 'previous_yes_ask': 12, 'previous_price': 0, 'volume': 15, 'volume_24h': 15, 'liquidity': 370, 'open_interest': 15, 'result': '', 'can_close_early': True, 'expiration_value': '', 'category': '', 'risk_limit_cents': 0, 'strike_type': 'less', 'cap_strike': 12700}----------
INFO:root:No price: 100.0
INFO:root:Likelihood 97.14285714285714
INFO:root:Ratio: 1.0294117647058825
INFO:root:Fairly priced
INFO:root:************* New analysis marker *************
INFO:root:Movement range: (0.9520114433462125, 0.959506846828117)
INFO:root:Times occurred: 5
INFO:root:Total weeks: 175
INFO:root:----------Yes Analysis for {'ticker': 'NASDAQ100W-23MAY19-B12750', 'event_ticker': '', 'title': '', 'subtitle': '12,700 to 12,799.99', 'open_time': '2023-05-12T20:00:00Z', 'close_time': '2023-05-19T20:00:00Z', 'expiration_time': '2023-05-26T23:00:00Z', 'status': 'active', 'yes_bid': 0, 'yes_ask': 8, 'no_bid': 0, 'no_ask': 0, 'last_price': 0, 'previous_yes_bid': 2, 'previous_yes_ask': 11, 'previous_price': 0, 'volume': 0, 'volume_24h': 0, 'liquidity': 140, 'open_interest': 0, 'result': '', 'can_close_early': True, 'expiration_value': '', 'category': '', 'risk_limit_cents': 0, 'strike_type': 'between', 'floor_strike': 12700, 'cap_strike': 12799.99}----------
INFO:root:Yes price: 8
INFO:root:Likelihood 2.857142857142857
INFO:root:Ratio: 2.8
INFO:root:Fairly priced
INFO:root:----------No Analysis for {'ticker': 'NASDAQ100W-23MAY19-B12750', 'event_ticker': '', 'title': '', 'subtitle': '12,700 to 12,799.99', 'open_time': '2023-05-12T20:00:00Z', 'close_time': '2023-05-19T20:00:00Z', 'expiration_time': '2023-05-26T23:00:00Z', 'status': 'active', 'yes_bid': 0, 'yes_ask': 8, 'no_bid': 0, 'no_ask': 0, 'last_price': 0, 'previous_yes_bid': 2, 'previous_yes_ask': 11, 'previous_price': 0, 'volume': 0, 'volume_24h': 0, 'liquidity': 140, 'open_interest': 0, 'result': '', 'can_close_early': True, 'expiration_value': '', 'category': '', 'risk_limit_cents': 0, 'strike_type': 'between', 'floor_strike': 12700, 'cap_strike': 12799.99}----------
INFO:root:No price: 100.0
INFO:root:Likelihood 97.14285714285714
INFO:root:Ratio: 1.0294117647058825
INFO:root:Fairly priced
INFO:root:************* New analysis marker *************
INFO:root:Movement range: (0.9595075964434268, 0.9670029999253312)
INFO:root:Times occurred: 5
INFO:root:Total weeks: 175
INFO:root:----------Yes Analysis for {'ticker': 'NASDAQ100W-23MAY19-B12850', 'event_ticker': '', 'title': '', 'subtitle': '12,800 to 12,899.99', 'open_time': '2023-05-12T20:00:00Z', 'close_time': '2023-05-19T20:00:00Z', 'expiration_time': '2023-05-26T23:00:00Z', 'status': 'active', 'yes_bid': 2, 'yes_ask': 9, 'no_bid': 0, 'no_ask': 0, 'last_price': 9, 'previous_yes_bid': 0, 'previous_yes_ask': 9, 'previous_price': 9, 'volume': 1, 'volume_24h': 1, 'liquidity': 1332, 'open_interest': 1, 'result': '', 'can_close_early': True, 'expiration_value': '', 'category': '', 'risk_limit_cents': 0, 'strike_type': 'between', 'floor_strike': 12800, 'cap_strike': 12899.99}----------
INFO:root:Yes price: 9
INFO:root:Likelihood 2.857142857142857
INFO:root:Ratio: 3.15
INFO:root:Overpriced
INFO:root:----------No Analysis for {'ticker': 'NASDAQ100W-23MAY19-B12850', 'event_ticker': '', 'title': '', 'subtitle': '12,800 to 12,899.99', 'open_time': '2023-05-12T20:00:00Z', 'close_time': '2023-05-19T20:00:00Z', 'expiration_time': '2023-05-26T23:00:00Z', 'status': 'active', 'yes_bid': 2, 'yes_ask': 9, 'no_bid': 0, 'no_ask': 0, 'last_price': 9, 'previous_yes_bid': 0, 'previous_yes_ask': 9, 'previous_price': 9, 'volume': 1, 'volume_24h': 1, 'liquidity': 1332, 'open_interest': 1, 'result': '', 'can_close_early': True, 'expiration_value': '', 'category': '', 'risk_limit_cents': 0, 'strike_type': 'between', 'floor_strike': 12800, 'cap_strike': 12899.99}----------
INFO:root:No price: 98.0
INFO:root:Likelihood 97.14285714285714
INFO:root:Ratio: 1.0088235294117647
INFO:root:Fairly priced
INFO:root:************* New analysis marker *************
INFO:root:Movement range: (0.967003749540641, 0.9744991530225455)
INFO:root:Times occurred: 11
INFO:root:Total weeks: 175
INFO:root:----------Yes Analysis for {'ticker': 'NASDAQ100W-23MAY19-B12950', 'event_ticker': '', 'title': '', 'subtitle': '12,900 to 12,999.99', 'open_time': '2023-05-12T20:00:00Z', 'close_time': '2023-05-19T20:00:00Z', 'expiration_time': '2023-05-26T23:00:00Z', 'status': 'active', 'yes_bid': 2, 'yes_ask': 9, 'no_bid': 0, 'no_ask': 0, 'last_price': 0, 'previous_yes_bid': 0, 'previous_yes_ask': 9, 'previous_price': 0, 'volume': 0, 'volume_24h': 0, 'liquidity': 1135, 'open_interest': 0, 'result': '', 'can_close_early': True, 'expiration_value': '', 'category': '', 'risk_limit_cents': 0, 'strike_type': 'between', 'floor_strike': 12900, 'cap_strike': 12999.99}----------
INFO:root:Yes price: 9
INFO:root:Likelihood 6.2857142857142865
INFO:root:Ratio: 1.4318181818181817
INFO:root:Fairly priced
INFO:root:----------No Analysis for {'ticker': 'NASDAQ100W-23MAY19-B12950', 'event_ticker': '', 'title': '', 'subtitle': '12,900 to 12,999.99', 'open_time': '2023-05-12T20:00:00Z', 'close_time': '2023-05-19T20:00:00Z', 'expiration_time': '2023-05-26T23:00:00Z', 'status': 'active', 'yes_bid': 2, 'yes_ask': 9, 'no_bid': 0, 'no_ask': 0, 'last_price': 0, 'previous_yes_bid': 0, 'previous_yes_ask': 9, 'previous_price': 0, 'volume': 0, 'volume_24h': 0, 'liquidity': 1135, 'open_interest': 0, 'result': '', 'can_close_early': True, 'expiration_value': '', 'category': '', 'risk_limit_cents': 0, 'strike_type': 'between', 'floor_strike': 12900, 'cap_strike': 12999.99}----------
INFO:root:No price: 98.0
INFO:root:Likelihood 93.71428571428572
INFO:root:Ratio: 1.045731707317073
INFO:root:Fairly priced
INFO:root:************* New analysis marker *************
INFO:root:Movement range: (0.9744999026378552, 0.9819953061197598)
INFO:root:Times occurred: 12
INFO:root:Total weeks: 175
INFO:root:----------Yes Analysis for {'ticker': 'NASDAQ100W-23MAY19-B13050', 'event_ticker': '', 'title': '', 'subtitle': '13,000 to 13,099.99', 'open_time': '2023-05-12T20:00:00Z', 'close_time': '2023-05-19T20:00:00Z', 'expiration_time': '2023-05-26T23:00:00Z', 'status': 'active', 'yes_bid': 3, 'yes_ask': 11, 'no_bid': 0, 'no_ask': 0, 'last_price': 0, 'previous_yes_bid': 4, 'previous_yes_ask': 13, 'previous_price': 0, 'volume': 0, 'volume_24h': 0, 'liquidity': 1155, 'open_interest': 0, 'result': '', 'can_close_early': True, 'expiration_value': '', 'category': '', 'risk_limit_cents': 0, 'strike_type': 'between', 'floor_strike': 13000, 'cap_strike': 13099.99}----------
INFO:root:Yes price: 11
INFO:root:Likelihood 6.857142857142858
INFO:root:Ratio: 1.6041666666666665
INFO:root:Fairly priced
INFO:root:----------No Analysis for {'ticker': 'NASDAQ100W-23MAY19-B13050', 'event_ticker': '', 'title': '', 'subtitle': '13,000 to 13,099.99', 'open_time': '2023-05-12T20:00:00Z', 'close_time': '2023-05-19T20:00:00Z', 'expiration_time': '2023-05-26T23:00:00Z', 'status': 'active', 'yes_bid': 3, 'yes_ask': 11, 'no_bid': 0, 'no_ask': 0, 'last_price': 0, 'previous_yes_bid': 4, 'previous_yes_ask': 13, 'previous_price': 0, 'volume': 0, 'volume_24h': 0, 'liquidity': 1155, 'open_interest': 0, 'result': '', 'can_close_early': True, 'expiration_value': '', 'category': '', 'risk_limit_cents': 0, 'strike_type': 'between', 'floor_strike': 13000, 'cap_strike': 13099.99}----------
INFO:root:No price: 97.0
INFO:root:Likelihood 93.14285714285714
INFO:root:Ratio: 1.0414110429447854
INFO:root:Fairly priced
INFO:root:************* New analysis marker *************
INFO:root:Movement range: (0.9819960557350695, 0.9894914592169741)
INFO:root:Times occurred: 18
INFO:root:Total weeks: 175
INFO:root:----------Yes Analysis for {'ticker': 'NASDAQ100W-23MAY19-B13150', 'event_ticker': '', 'title': '', 'subtitle': '13,100 to 13,199.99', 'open_time': '2023-05-12T20:00:00Z', 'close_time': '2023-05-19T20:00:00Z', 'expiration_time': '2023-05-26T23:00:00Z', 'status': 'active', 'yes_bid': 5, 'yes_ask': 11, 'no_bid': 0, 'no_ask': 0, 'last_price': 0, 'previous_yes_bid': 2, 'previous_yes_ask': 11, 'previous_price': 0, 'volume': 0, 'volume_24h': 0, 'liquidity': 2180, 'open_interest': 0, 'result': '', 'can_close_early': True, 'expiration_value': '', 'category': '', 'risk_limit_cents': 0, 'strike_type': 'between', 'floor_strike': 13100, 'cap_strike': 13199.99}----------
INFO:root:Yes price: 11
INFO:root:Likelihood 10.285714285714285
INFO:root:Ratio: 1.0694444444444446
INFO:root:Fairly priced
INFO:root:----------No Analysis for {'ticker': 'NASDAQ100W-23MAY19-B13150', 'event_ticker': '', 'title': '', 'subtitle': '13,100 to 13,199.99', 'open_time': '2023-05-12T20:00:00Z', 'close_time': '2023-05-19T20:00:00Z', 'expiration_time': '2023-05-26T23:00:00Z', 'status': 'active', 'yes_bid': 5, 'yes_ask': 11, 'no_bid': 0, 'no_ask': 0, 'last_price': 0, 'previous_yes_bid': 2, 'previous_yes_ask': 11, 'previous_price': 0, 'volume': 0, 'volume_24h': 0, 'liquidity': 2180, 'open_interest': 0, 'result': '', 'can_close_early': True, 'expiration_value': '', 'category': '', 'risk_limit_cents': 0, 'strike_type': 'between', 'floor_strike': 13100, 'cap_strike': 13199.99}----------
INFO:root:No price: 95.0
INFO:root:Likelihood 89.71428571428571
INFO:root:Ratio: 1.0589171974522293
INFO:root:Fairly priced
INFO:root:************* New analysis marker *************
INFO:root:Movement range: (0.9894922088322838, 0.9969876123141883)
INFO:root:Times occurred: 29
INFO:root:Total weeks: 175
INFO:root:----------Yes Analysis for {'ticker': 'NASDAQ100W-23MAY19-B13250', 'event_ticker': '', 'title': '', 'subtitle': '13,200 to 13,299.99', 'open_time': '2023-05-12T20:00:00Z', 'close_time': '2023-05-19T20:00:00Z', 'expiration_time': '2023-05-26T23:00:00Z', 'status': 'active', 'yes_bid': 4, 'yes_ask': 12, 'no_bid': 0, 'no_ask': 0, 'last_price': 8, 'previous_yes_bid': 7, 'previous_yes_ask': 17, 'previous_price': 8, 'volume': 13, 'volume_24h': 8, 'liquidity': 6345, 'open_interest': 13, 'result': '', 'can_close_early': True, 'expiration_value': '', 'category': '', 'risk_limit_cents': 0, 'strike_type': 'between', 'floor_strike': 13200, 'cap_strike': 13299.99}----------
INFO:root:Yes price: 12
INFO:root:Likelihood 16.57142857142857
INFO:root:Ratio: 0.7241379310344829
INFO:root:Fairly priced
INFO:root:----------No Analysis for {'ticker': 'NASDAQ100W-23MAY19-B13250', 'event_ticker': '', 'title': '', 'subtitle': '13,200 to 13,299.99', 'open_time': '2023-05-12T20:00:00Z', 'close_time': '2023-05-19T20:00:00Z', 'expiration_time': '2023-05-26T23:00:00Z', 'status': 'active', 'yes_bid': 4, 'yes_ask': 12, 'no_bid': 0, 'no_ask': 0, 'last_price': 8, 'previous_yes_bid': 7, 'previous_yes_ask': 17, 'previous_price': 8, 'volume': 13, 'volume_24h': 8, 'liquidity': 6345, 'open_interest': 13, 'result': '', 'can_close_early': True, 'expiration_value': '', 'category': '', 'risk_limit_cents': 0, 'strike_type': 'between', 'floor_strike': 13200, 'cap_strike': 13299.99}----------
INFO:root:No price: 96.0
INFO:root:Likelihood 83.42857142857143
INFO:root:Ratio: 1.1506849315068493
INFO:root:Fairly priced
INFO:root:************* New analysis marker *************
INFO:root:Movement range: (0.9969883619294981, 1.0044837654114027)
INFO:root:Times occurred: 18
INFO:root:Total weeks: 175
INFO:root:----------Yes Analysis for {'ticker': 'NASDAQ100W-23MAY19-B13350', 'event_ticker': '', 'title': '', 'subtitle': '13,300 to 13,399.99', 'open_time': '2023-05-12T20:00:00Z', 'close_time': '2023-05-19T20:00:00Z', 'expiration_time': '2023-05-26T23:00:00Z', 'status': 'active', 'yes_bid': 6, 'yes_ask': 14, 'no_bid': 0, 'no_ask': 0, 'last_price': 12, 'previous_yes_bid': 3, 'previous_yes_ask': 12, 'previous_price': 0, 'volume': 10, 'volume_24h': 10, 'liquidity': 33240, 'open_interest': 10, 'result': '', 'can_close_early': True, 'expiration_value': '', 'category': '', 'risk_limit_cents': 0, 'strike_type': 'between', 'floor_strike': 13300, 'cap_strike': 13399.99}----------
INFO:root:Yes price: 14
INFO:root:Likelihood 10.285714285714285
INFO:root:Ratio: 1.3611111111111112
INFO:root:Fairly priced
INFO:root:----------No Analysis for {'ticker': 'NASDAQ100W-23MAY19-B13350', 'event_ticker': '', 'title': '', 'subtitle': '13,300 to 13,399.99', 'open_time': '2023-05-12T20:00:00Z', 'close_time': '2023-05-19T20:00:00Z', 'expiration_time': '2023-05-26T23:00:00Z', 'status': 'active', 'yes_bid': 6, 'yes_ask': 14, 'no_bid': 0, 'no_ask': 0, 'last_price': 12, 'previous_yes_bid': 3, 'previous_yes_ask': 12, 'previous_price': 0, 'volume': 10, 'volume_24h': 10, 'liquidity': 33240, 'open_interest': 10, 'result': '', 'can_close_early': True, 'expiration_value': '', 'category': '', 'risk_limit_cents': 0, 'strike_type': 'between', 'floor_strike': 13300, 'cap_strike': 13399.99}----------
INFO:root:No price: 94.0
INFO:root:Likelihood 89.71428571428571
INFO:root:Ratio: 1.0477707006369428
INFO:root:Fairly priced
INFO:root:************* New analysis marker *************
INFO:root:Movement range: (1.0044845150267123, 1.011979918508617)
INFO:root:Times occurred: 15
INFO:root:Total weeks: 175
INFO:root:----------Yes Analysis for {'ticker': 'NASDAQ100W-23MAY19-B13450', 'event_ticker': '', 'title': '', 'subtitle': '13,400 to 13,499.99', 'open_time': '2023-05-12T20:00:00Z', 'close_time': '2023-05-19T20:00:00Z', 'expiration_time': '2023-05-26T23:00:00Z', 'status': 'active', 'yes_bid': 5, 'yes_ask': 13, 'no_bid': 0, 'no_ask': 0, 'last_price': 0, 'previous_yes_bid': 4, 'previous_yes_ask': 13, 'previous_price': 0, 'volume': 0, 'volume_24h': 0, 'liquidity': 1165, 'open_interest': 0, 'result': '', 'can_close_early': True, 'expiration_value': '', 'category': '', 'risk_limit_cents': 0, 'strike_type': 'between', 'floor_strike': 13400, 'cap_strike': 13499.99}----------
INFO:root:Yes price: 13
INFO:root:Likelihood 8.571428571428571
INFO:root:Ratio: 1.5166666666666666
INFO:root:Fairly priced
INFO:root:----------No Analysis for {'ticker': 'NASDAQ100W-23MAY19-B13450', 'event_ticker': '', 'title': '', 'subtitle': '13,400 to 13,499.99', 'open_time': '2023-05-12T20:00:00Z', 'close_time': '2023-05-19T20:00:00Z', 'expiration_time': '2023-05-26T23:00:00Z', 'status': 'active', 'yes_bid': 5, 'yes_ask': 13, 'no_bid': 0, 'no_ask': 0, 'last_price': 0, 'previous_yes_bid': 4, 'previous_yes_ask': 13, 'previous_price': 0, 'volume': 0, 'volume_24h': 0, 'liquidity': 1165, 'open_interest': 0, 'result': '', 'can_close_early': True, 'expiration_value': '', 'category': '', 'risk_limit_cents': 0, 'strike_type': 'between', 'floor_strike': 13400, 'cap_strike': 13499.99}----------
INFO:root:No price: 95.0
INFO:root:Likelihood 91.42857142857143
INFO:root:Ratio: 1.0390625
INFO:root:Fairly priced
INFO:root:************* New analysis marker *************
INFO:root:Movement range: (1.0119806681239267, 1.019476071605831)
INFO:root:Times occurred: 11
INFO:root:Total weeks: 175
INFO:root:----------Yes Analysis for {'ticker': 'NASDAQ100W-23MAY19-B13550', 'event_ticker': '', 'title': '', 'subtitle': '13,500 to 13,599.99', 'open_time': '2023-05-12T20:00:00Z', 'close_time': '2023-05-19T20:00:00Z', 'expiration_time': '2023-05-26T23:00:00Z', 'status': 'active', 'yes_bid': 1, 'yes_ask': 9, 'no_bid': 0, 'no_ask': 0, 'last_price': 8, 'previous_yes_bid': 0, 'previous_yes_ask': 8, 'previous_price': 0, 'volume': 5, 'volume_24h': 5, 'liquidity': 1140, 'open_interest': 5, 'result': '', 'can_close_early': True, 'expiration_value': '', 'category': '', 'risk_limit_cents': 0, 'strike_type': 'between', 'floor_strike': 13500, 'cap_strike': 13599.99}----------
INFO:root:Yes price: 9
INFO:root:Likelihood 6.2857142857142865
INFO:root:Ratio: 1.4318181818181817
INFO:root:Fairly priced
INFO:root:----------No Analysis for {'ticker': 'NASDAQ100W-23MAY19-B13550', 'event_ticker': '', 'title': '', 'subtitle': '13,500 to 13,599.99', 'open_time': '2023-05-12T20:00:00Z', 'close_time': '2023-05-19T20:00:00Z', 'expiration_time': '2023-05-26T23:00:00Z', 'status': 'active', 'yes_bid': 1, 'yes_ask': 9, 'no_bid': 0, 'no_ask': 0, 'last_price': 8, 'previous_yes_bid': 0, 'previous_yes_ask': 8, 'previous_price': 0, 'volume': 5, 'volume_24h': 5, 'liquidity': 1140, 'open_interest': 5, 'result': '', 'can_close_early': True, 'expiration_value': '', 'category': '', 'risk_limit_cents': 0, 'strike_type': 'between', 'floor_strike': 13500, 'cap_strike': 13599.99}----------
INFO:root:No price: 99.0
INFO:root:Likelihood 93.71428571428572
INFO:root:Ratio: 1.0564024390243902
INFO:root:Fairly priced
INFO:root:************* New analysis marker *************
INFO:root:Movement range: (1.019476821221141, 1.0269722247030455)
INFO:root:Times occurred: 8
INFO:root:Total weeks: 175
INFO:root:----------Yes Analysis for {'ticker': 'NASDAQ100W-23MAY19-B13650', 'event_ticker': '', 'title': '', 'subtitle': '13,600 to 13,699.99', 'open_time': '2023-05-12T20:00:00Z', 'close_time': '2023-05-19T20:00:00Z', 'expiration_time': '2023-05-26T23:00:00Z', 'status': 'active', 'yes_bid': 2, 'yes_ask': 10, 'no_bid': 0, 'no_ask': 0, 'last_price': 0, 'previous_yes_bid': 1, 'previous_yes_ask': 10, 'previous_price': 0, 'volume': 0, 'volume_24h': 0, 'liquidity': 1090, 'open_interest': 0, 'result': '', 'can_close_early': True, 'expiration_value': '', 'category': '', 'risk_limit_cents': 0, 'strike_type': 'between', 'floor_strike': 13600, 'cap_strike': 13699.99}----------
INFO:root:Yes price: 10
INFO:root:Likelihood 4.571428571428571
INFO:root:Ratio: 2.1875
INFO:root:Overpriced
INFO:root:----------No Analysis for {'ticker': 'NASDAQ100W-23MAY19-B13650', 'event_ticker': '', 'title': '', 'subtitle': '13,600 to 13,699.99', 'open_time': '2023-05-12T20:00:00Z', 'close_time': '2023-05-19T20:00:00Z', 'expiration_time': '2023-05-26T23:00:00Z', 'status': 'active', 'yes_bid': 2, 'yes_ask': 10, 'no_bid': 0, 'no_ask': 0, 'last_price': 0, 'previous_yes_bid': 1, 'previous_yes_ask': 10, 'previous_price': 0, 'volume': 0, 'volume_24h': 0, 'liquidity': 1090, 'open_interest': 0, 'result': '', 'can_close_early': True, 'expiration_value': '', 'category': '', 'risk_limit_cents': 0, 'strike_type': 'between', 'floor_strike': 13600, 'cap_strike': 13699.99}----------
INFO:root:No price: 98.0
INFO:root:Likelihood 95.42857142857143
INFO:root:Ratio: 1.026946107784431
INFO:root:Fairly priced
INFO:root:************* New analysis marker *************
INFO:root:Movement range: (1.026972974318355, 1.0344683778002597)
INFO:root:Times occurred: 10
INFO:root:Total weeks: 175
INFO:root:----------Yes Analysis for {'ticker': 'NASDAQ100W-23MAY19-B13750', 'event_ticker': '', 'title': '', 'subtitle': '13,700 to 13,799.99', 'open_time': '2023-05-12T20:00:00Z', 'close_time': '2023-05-19T20:00:00Z', 'expiration_time': '2023-05-26T23:00:00Z', 'status': 'active', 'yes_bid': 1, 'yes_ask': 8, 'no_bid': 0, 'no_ask': 0, 'last_price': 0, 'previous_yes_bid': 3, 'previous_yes_ask': 12, 'previous_price': 0, 'volume': 0, 'volume_24h': 0, 'liquidity': 630, 'open_interest': 0, 'result': '', 'can_close_early': True, 'expiration_value': '', 'category': '', 'risk_limit_cents': 0, 'strike_type': 'between', 'floor_strike': 13700, 'cap_strike': 13799.99}----------
INFO:root:Yes price: 8
INFO:root:Likelihood 5.714285714285714
INFO:root:Ratio: 1.4
INFO:root:Fairly priced
INFO:root:----------No Analysis for {'ticker': 'NASDAQ100W-23MAY19-B13750', 'event_ticker': '', 'title': '', 'subtitle': '13,700 to 13,799.99', 'open_time': '2023-05-12T20:00:00Z', 'close_time': '2023-05-19T20:00:00Z', 'expiration_time': '2023-05-26T23:00:00Z', 'status': 'active', 'yes_bid': 1, 'yes_ask': 8, 'no_bid': 0, 'no_ask': 0, 'last_price': 0, 'previous_yes_bid': 3, 'previous_yes_ask': 12, 'previous_price': 0, 'volume': 0, 'volume_24h': 0, 'liquidity': 630, 'open_interest': 0, 'result': '', 'can_close_early': True, 'expiration_value': '', 'category': '', 'risk_limit_cents': 0, 'strike_type': 'between', 'floor_strike': 13700, 'cap_strike': 13799.99}----------
INFO:root:No price: 99.0
INFO:root:Likelihood 94.28571428571428
INFO:root:Ratio: 1.05
INFO:root:Fairly priced
INFO:root:************* New analysis marker *************
INFO:root:Movement range: (1.0344691274155695, 1.041964530897474)
INFO:root:Times occurred: 4
INFO:root:Total weeks: 175
INFO:root:----------Yes Analysis for {'ticker': 'NASDAQ100W-23MAY19-B13850', 'event_ticker': '', 'title': '', 'subtitle': '13,800 to 13,899.99', 'open_time': '2023-05-12T20:00:00Z', 'close_time': '2023-05-19T20:00:00Z', 'expiration_time': '2023-05-26T23:00:00Z', 'status': 'active', 'yes_bid': 1, 'yes_ask': 9, 'no_bid': 0, 'no_ask': 0, 'last_price': 0, 'previous_yes_bid': 2, 'previous_yes_ask': 11, 'previous_price': 0, 'volume': 0, 'volume_24h': 0, 'liquidity': 645, 'open_interest': 0, 'result': '', 'can_close_early': True, 'expiration_value': '', 'category': '', 'risk_limit_cents': 0, 'strike_type': 'between', 'floor_strike': 13800, 'cap_strike': 13899.99}----------
INFO:root:Yes price: 9
INFO:root:Likelihood 2.2857142857142856
INFO:root:Ratio: 3.9375
INFO:root:Overpriced
INFO:root:----------No Analysis for {'ticker': 'NASDAQ100W-23MAY19-B13850', 'event_ticker': '', 'title': '', 'subtitle': '13,800 to 13,899.99', 'open_time': '2023-05-12T20:00:00Z', 'close_time': '2023-05-19T20:00:00Z', 'expiration_time': '2023-05-26T23:00:00Z', 'status': 'active', 'yes_bid': 1, 'yes_ask': 9, 'no_bid': 0, 'no_ask': 0, 'last_price': 0, 'previous_yes_bid': 2, 'previous_yes_ask': 11, 'previous_price': 0, 'volume': 0, 'volume_24h': 0, 'liquidity': 645, 'open_interest': 0, 'result': '', 'can_close_early': True, 'expiration_value': '', 'category': '', 'risk_limit_cents': 0, 'strike_type': 'between', 'floor_strike': 13800, 'cap_strike': 13899.99}----------
INFO:root:No price: 99.0
INFO:root:Likelihood 97.71428571428571
INFO:root:Ratio: 1.0131578947368423
INFO:root:Fairly priced
INFO:root:************* New analysis marker *************
INFO:root:Movement range: (1.0419652805127837, 1.0494606839946883)
INFO:root:Times occurred: 8
INFO:root:Total weeks: 175
INFO:root:----------Yes Analysis for {'ticker': 'NASDAQ100W-23MAY19-B13950', 'event_ticker': '', 'title': '', 'subtitle': '13,900 to 13,999.99', 'open_time': '2023-05-12T20:00:00Z', 'close_time': '2023-05-19T20:00:00Z', 'expiration_time': '2023-05-26T23:00:00Z', 'status': 'active', 'yes_bid': 0, 'yes_ask': 4, 'no_bid': 0, 'no_ask': 0, 'last_price': 0, 'previous_yes_bid': 0, 'previous_yes_ask': 0, 'previous_price': 0, 'volume': 0, 'volume_24h': 0, 'liquidity': 107, 'open_interest': 0, 'result': '', 'can_close_early': True, 'expiration_value': '', 'category': '', 'risk_limit_cents': 0, 'strike_type': 'between', 'floor_strike': 13900, 'cap_strike': 13999.99}----------
INFO:root:Yes price: 4
INFO:root:Likelihood 4.571428571428571
INFO:root:Ratio: 0.875
INFO:root:Fairly priced
INFO:root:----------No Analysis for {'ticker': 'NASDAQ100W-23MAY19-B13950', 'event_ticker': '', 'title': '', 'subtitle': '13,900 to 13,999.99', 'open_time': '2023-05-12T20:00:00Z', 'close_time': '2023-05-19T20:00:00Z', 'expiration_time': '2023-05-26T23:00:00Z', 'status': 'active', 'yes_bid': 0, 'yes_ask': 4, 'no_bid': 0, 'no_ask': 0, 'last_price': 0, 'previous_yes_bid': 0, 'previous_yes_ask': 0, 'previous_price': 0, 'volume': 0, 'volume_24h': 0, 'liquidity': 107, 'open_interest': 0, 'result': '', 'can_close_early': True, 'expiration_value': '', 'category': '', 'risk_limit_cents': 0, 'strike_type': 'between', 'floor_strike': 13900, 'cap_strike': 13999.99}----------
INFO:root:No price: 100.0
INFO:root:Likelihood 95.42857142857143
INFO:root:Ratio: 1.0479041916167664
INFO:root:Fairly priced
INFO:root:************* New analysis marker *************
INFO:root:Movement range: (1.0494606839946883, 9999999)
INFO:root:Times occurred: 8
INFO:root:Total weeks: 175
INFO:root:----------Yes Analysis for {'ticker': 'NASDAQ100W-23MAY19-T13999.99', 'event_ticker': '', 'title': '', 'subtitle': '14,000 or above', 'open_time': '2023-05-12T20:00:00Z', 'close_time': '2023-05-19T20:00:00Z', 'expiration_time': '2023-05-26T23:00:00Z', 'status': 'active', 'yes_bid': 1, 'yes_ask': 5, 'no_bid': 0, 'no_ask': 0, 'last_price': 5, 'previous_yes_bid': 5, 'previous_yes_ask': 14, 'previous_price': 0, 'volume': 10, 'volume_24h': 10, 'liquidity': 535, 'open_interest': 10, 'result': '', 'can_close_early': True, 'expiration_value': '', 'category': '', 'risk_limit_cents': 0, 'strike_type': 'greater', 'floor_strike': 13999.99}----------
INFO:root:Yes price: 5
INFO:root:Likelihood 4.571428571428571
INFO:root:Ratio: 1.09375
INFO:root:Fairly priced
INFO:root:----------No Analysis for {'ticker': 'NASDAQ100W-23MAY19-T13999.99', 'event_ticker': '', 'title': '', 'subtitle': '14,000 or above', 'open_time': '2023-05-12T20:00:00Z', 'close_time': '2023-05-19T20:00:00Z', 'expiration_time': '2023-05-26T23:00:00Z', 'status': 'active', 'yes_bid': 1, 'yes_ask': 5, 'no_bid': 0, 'no_ask': 0, 'last_price': 5, 'previous_yes_bid': 5, 'previous_yes_ask': 14, 'previous_price': 0, 'volume': 10, 'volume_24h': 10, 'liquidity': 535, 'open_interest': 10, 'result': '', 'can_close_early': True, 'expiration_value': '', 'category': '', 'risk_limit_cents': 0, 'strike_type': 'greater', 'floor_strike': 13999.99}----------
INFO:root:No price: 99.0
INFO:root:Likelihood 95.42857142857143
INFO:root:Ratio: 1.0374251497005988
INFO:root:Fairly priced
